Arguments: 
  /Users/chenchongqiang/.nvm/versions/node/v14.17.0/bin/node /Users/chenchongqiang/.nvm/versions/node/v14.17.0/lib/node_modules/yarn/lib/cli.js add wagmi

PATH: 
  /Users/chenchongqiang/.nvm/versions/node/v14.17.0/bin:/opt/homebrew/Cellar/pyenv-virtualenv/1.1.5/shims:/shims:/opt/homebrew/bin:/opt/homebrew/sbin:/usr/local/bin:/usr/bin:/bin:/usr/sbin:/sbin:/opt/homebrew/Caskroom/miniforge/base/bin:/opt/homebrew/Caskroom/miniforge/base/condabin:/Users/chenchongqiang/.nvm/versions/node/v16.14.0/bin:/opt/homebrew/Cellar/pyenv-virtualenv/1.1.5/shims:/shims:/opt/homebrew/bin:/opt/homebrew/sbin

Yarn version: 
  1.22.18

Node version: 
  14.17.0

Platform: 
  darwin arm64

Trace: 
  Error: https://registry.npmjs.org/@fuordim%2fcontract-form: Not found
      at Request.params.callback [as _callback] (/Users/chenchongqiang/.nvm/versions/node/v14.17.0/lib/node_modules/yarn/lib/cli.js:66138:18)
      at Request.self.callback (/Users/chenchongqiang/.nvm/versions/node/v14.17.0/lib/node_modules/yarn/lib/cli.js:140883:22)
      at Request.emit (events.js:376:20)
      at Request.<anonymous> (/Users/chenchongqiang/.nvm/versions/node/v14.17.0/lib/node_modules/yarn/lib/cli.js:141855:10)
      at Request.emit (events.js:376:20)
      at IncomingMessage.<anonymous> (/Users/chenchongqiang/.nvm/versions/node/v14.17.0/lib/node_modules/yarn/lib/cli.js:141777:12)
      at Object.onceWrapper (events.js:482:28)
      at IncomingMessage.emit (events.js:388:22)
      at endReadableNT (internal/streams/readable.js:1336:12)
      at processTicksAndRejections (internal/process/task_queues.js:82:21)

npm manifest: 
  {
    "name": "site",
    "version": "0.0.0",
    "scripts": {
      "dev": "vite",
      "build": "tsc && vite build",
      "preview": "vite preview"
    },
    "dependencies": {
      "react": "^18.0.0",
      "react-dom": "^18.0.0",
      "@fuordim/contract-form": "*",
      "@emotion/react": "latest",
      "@emotion/styled": "latest",
      "@mui/material": "latest"
    },
    "devDependencies": {
      "@types/react": "^18.0.0",
      "@types/react-dom": "^18.0.0",
      "@vitejs/plugin-react": "^1.3.0",
      "vite": "^2.9.9",
      "react-dev-inspector": "^1.8.0",
      "react-test-renderer": "^18.0.0"
    }
  }

yarn manifest: 
  No manifest

Lockfile: 
  No lockfile
